#
# A fatal error has been detected by the Java Runtime Environment:
#
#  EXCEPTION_ACCESS_VIOLATION (0xc0000005) at pc=0x0000000073bf8845, pid=2616, tid=6248
#
# JRE version: Java(TM) SE Runtime Environment (8.0_60-b27) (build 1.8.0_60-b27)
# Java VM: Java HotSpot(TM) 64-Bit Server VM (25.60-b23 mixed mode windows-amd64 compressed oops)
# Problematic frame:
# V  [jvm.dll+0x128845]
#
# Failed to write core dump. Minidumps are not enabled by default on client versions of Windows
#
# If you would like to submit a bug report, please visit:
#   http://bugreport.java.com/bugreport/crash.jsp
#

---------------  T H R E A D  ---------------

Current thread (0x00000000178ca000):  JavaThread "JDWP Transport Listener: dt_socket" daemon [_thread_in_vm, id=6248, stack(0x0000000018f10000,0x0000000019010000)]

siginfo: ExceptionCode=0xc0000005, reading address 0xffffffffffffffff

Registers:
RAX=0x000000001900f401, RBX=0x00000000178ca000, RCX=0x003b7400005a293b, RDX=0x0000000000000000
RSP=0x000000001900f3b0, RBP=0x003b7400005a293b, RSI=0x000000001900f4c8, RDI=0x0000000002b68fb0
R8 =0x00000000178ca000, R9 =0x0000000000000000, R10=0x0000000000000000, R11=0x0000000000000064
R12=0x0000000000000000, R13=0x00000000178bec88, R14=0x0000000000000000, R15=0x0000000000000000
RIP=0x0000000073bf8845, EFLAGS=0x0000000000010202

Top of Stack: (sp=0x000000001900f3b0)
0x000000001900f3b0:   00000000178ca000 00000000178ca000
0x000000001900f3c0:   000000001900f478 0000000073dfe18b
0x000000001900f3d0:   00000000178ca000 0000000073e1a9ed
0x000000001900f3e0:   0000000000000000 00000000739c9155
0x000000001900f3f0:   000000001cac4a50 00000000739d291e
0x000000001900f400:   00000000178ca000 0000000000000000
0x000000001900f410:   0000000000000000 0000000000000000
0x000000001900f420:   003b7400005a293b 00000000739d1a15
0x000000001900f430:   000000001900f4c8 000000001900f4a0
0x000000001900f440:   0000000000000001 000000001cac4a50
0x000000001900f450:   003b7400005a293b 00000000739b53b3
0x000000001900f460:   000000001900f590 0000000000000001
0x000000001900f470:   0000000000000001 000000001cac4a50
0x000000001900f480:   0000000000000002 0000000000000000
0x000000001900f490:   0000000000000000 0000000000000000
0x000000001900f4a0:   0000000000000001 00000000739b5571 

Instructions: (pc=0x0000000073bf8845)
0x0000000073bf8825:   cc cc cc cc cc cc cc cc cc cc cc 48 83 ec 28 48
0x0000000073bf8835:   85 c9 75 07 33 c0 48 83 c4 28 c3 48 89 5c 24 20
0x0000000073bf8845:   48 8b 19 48 85 db 74 20 48 83 fb 37 74 1a 48 8b
0x0000000073bf8855:   13 48 8b cb ff 52 10 84 c0 74 0d 48 8b c3 48 8b 


Register to memory mapping:

RAX=0x000000001900f401 is pointing into the stack for thread: 0x00000000178ca000
RBX=0x00000000178ca000 is a thread
RCX=0x003b7400005a293b is an unknown value
RDX=0x0000000000000000 is an unknown value
RSP=0x000000001900f3b0 is pointing into the stack for thread: 0x00000000178ca000
RBP=0x003b7400005a293b is an unknown value
RSI=0x000000001900f4c8 is pointing into the stack for thread: 0x00000000178ca000
RDI=0x0000000002b68fb0 is an unknown value
R8 =0x00000000178ca000 is a thread
R9 =0x0000000000000000 is an unknown value
R10=0x0000000000000000 is an unknown value
R11=0x0000000000000064 is an unknown value
R12=0x0000000000000000 is an unknown value
R13=0x00000000178bec88 is an unknown value
R14=0x0000000000000000 is an unknown value
R15=0x0000000000000000 is an unknown value


Stack: [0x0000000018f10000,0x0000000019010000],  sp=0x000000001900f3b0,  free space=1020k
Native frames: (J=compiled Java code, j=interpreted, Vv=VM code, C=native code)
V  [jvm.dll+0x128845]
V  [jvm.dll+0x34a9ed]
C  [jdwp.dll+0x21a15]
C  [jdwp.dll+0x53b3]
C  [jdwp.dll+0x5571]
C  [jdwp.dll+0xf0a8]
C  [jdwp.dll+0x1f2d5]
C  [jdwp.dll+0x1f4aa]
V  [jvm.dll+0x1bb8e8]
V  [jvm.dll+0x243134]
V  [jvm.dll+0x299f6a]
C  [msvcr100.dll+0x21d9f]
C  [msvcr100.dll+0x21e3b]
C  [KERNEL32.DLL+0x18102]
C  [ntdll.dll+0x5c5b4]


---------------  P R O C E S S  ---------------

Java Threads: ( => current thread )
  0x000000001b395800 JavaThread "http-nio-8080-AsyncTimeout" daemon [_thread_blocked, id=4280, stack(0x000000002cfb0000,0x000000002d0b0000)]
  0x000000001b394800 JavaThread "http-nio-8080-Acceptor-0" daemon [_thread_in_native, id=2464, stack(0x000000002ceb0000,0x000000002cfb0000)]
  0x000000001b394000 JavaThread "http-nio-8080-ClientPoller-1" daemon [_thread_in_native, id=2168, stack(0x000000002cdb0000,0x000000002ceb0000)]
  0x000000001b393000 JavaThread "http-nio-8080-ClientPoller-0" daemon [_thread_in_native, id=2020, stack(0x000000002ccb0000,0x000000002cdb0000)]
  0x000000001b392800 JavaThread "NioBlockingSelector.BlockPoller-3" daemon [_thread_in_native, id=2108, stack(0x000000002cbb0000,0x000000002ccb0000)]
  0x000000001b38b000 JavaThread "pool-9-thread-1" [_thread_blocked, id=4048, stack(0x000000002cab0000,0x000000002cbb0000)]
  0x000000001b391800 JavaThread "File Watcher" daemon [_thread_blocked, id=6800, stack(0x000000002c9b0000,0x000000002cab0000)]
  0x000000001b389800 JavaThread "Tomcat JDBC Pool Cleaner[349885916:1475852185456]" daemon [_thread_blocked, id=5544, stack(0x000000002c8b0000,0x000000002c9b0000)]
  0x000000001b390000 JavaThread "container-0" [_thread_blocked, id=7580, stack(0x000000002c7b0000,0x000000002c8b0000)]
  0x000000001b38d000 JavaThread "ContainerBackgroundProcessor[StandardEngine[Tomcat].StandardHost[localhost].StandardContext[]]" daemon [_thread_blocked, id=2040, stack(0x000000002c6b0000,0x000000002c7b0000)]
  0x000000001b388000 JavaThread "File Watcher" daemon [_thread_blocked, id=8976, stack(0x000000002c1b0000,0x000000002c2b0000)]
  0x000000001b38e800 JavaThread "File Watcher" daemon [_thread_blocked, id=8888, stack(0x000000002b9b0000,0x000000002bab0000)]
  0x0000000023bab800 JavaThread "DestroyJavaVM" [_thread_blocked, id=8480, stack(0x0000000002b70000,0x0000000002c70000)]
  0x0000000023ba9000 JavaThread "Live Reload Server" daemon [_thread_in_native, id=1412, stack(0x0000000025aa0000,0x0000000025ba0000)]
  0x000000001a2c0000 JavaThread "RMI TCP Accept-0" daemon [_thread_in_native, id=2480, stack(0x000000001a770000,0x000000001a870000)]
  0x000000001a2e9800 JavaThread "RMI TCP Accept-53710" daemon [_thread_in_native, id=4908, stack(0x000000001a670000,0x000000001a770000)]
  0x000000001a188000 JavaThread "RMI TCP Accept-0" daemon [_thread_in_native, id=8316, stack(0x000000001a570000,0x000000001a670000)]
  0x000000001790e800 JavaThread "Service Thread" daemon [_thread_blocked, id=8200, stack(0x0000000019c70000,0x0000000019d70000)]
  0x00000000178e6800 JavaThread "C1 CompilerThread2" daemon [_thread_blocked, id=8552, stack(0x0000000019770000,0x0000000019870000)]
  0x00000000178e5000 JavaThread "C2 CompilerThread1" daemon [_thread_blocked, id=2488, stack(0x0000000019670000,0x0000000019770000)]
  0x00000000178de800 JavaThread "C2 CompilerThread0" daemon [_thread_blocked, id=8296, stack(0x0000000019570000,0x0000000019670000)]
  0x00000000178d2800 JavaThread "JDWP Command Reader" daemon [_thread_in_native, id=8304, stack(0x0000000019470000,0x0000000019570000)]
  0x00000000178cc000 JavaThread "JDWP Event Helper Thread" daemon [_thread_blocked, id=9188, stack(0x0000000019370000,0x0000000019470000)]
=>0x00000000178ca000 JavaThread "JDWP Transport Listener: dt_socket" daemon [_thread_in_vm, id=6248, stack(0x0000000018f10000,0x0000000019010000)]
  0x00000000178b5800 JavaThread "Attach Listener" daemon [_thread_blocked, id=4584, stack(0x0000000018e10000,0x0000000018f10000)]
  0x00000000178b4800 JavaThread "Signal Dispatcher" daemon [_thread_blocked, id=6412, stack(0x0000000018d10000,0x0000000018e10000)]
  0x000000001787a000 JavaThread "Finalizer" daemon [_thread_blocked, id=8900, stack(0x0000000018b10000,0x0000000018c10000)]
  0x0000000017879000 JavaThread "Reference Handler" daemon [_thread_blocked, id=9168, stack(0x0000000018a10000,0x0000000018b10000)]

Other Threads:
  0x0000000017877800 VMThread [stack: 0x0000000018910000,0x0000000018a10000] [id=8516]
  0x000000001a2ec800 WatcherThread [stack: 0x000000001a870000,0x000000001a970000] [id=8252]

VM state:not at safepoint (normal execution)

VM Mutex/Monitor currently owned by a thread: None

Heap:
 PSYoungGen      total 658432K, used 483452K [0x00000000d5e00000, 0x00000000ffe00000, 0x0000000100000000)
  eden space 628736K, 74% used [0x00000000d5e00000,0x00000000f26b16f8,0x00000000fc400000)
  from space 29696K, 53% used [0x00000000fe100000,0x00000000ff06dca8,0x00000000ffe00000)
  to   space 29696K, 0% used [0x00000000fc400000,0x00000000fc400000,0x00000000fe100000)
 ParOldGen       total 140800K, used 40397K [0x0000000081a00000, 0x000000008a380000, 0x00000000d5e00000)
  object space 140800K, 28% used [0x0000000081a00000,0x00000000841736e8,0x000000008a380000)
 Metaspace       used 70184K, capacity 71410K, committed 71512K, reserved 1112064K
  class space    used 7942K, capacity 8224K, committed 8320K, reserved 1048576K

Card table byte_map: [0x0000000012130000,0x0000000012530000] byte_map_base: 0x0000000011d23000

Marking Bits: (ParMarkBitMap*) 0x00000000742da5b0
 Begin Bits: [0x0000000012be0000, 0x0000000014b78000)
 End Bits:   [0x0000000014b78000, 0x0000000016b10000)

Polling page: 0x0000000001260000

CodeCache: size=245760Kb used=35983Kb max_used=36056Kb free=209776Kb
 bounds [0x0000000002d70000, 0x00000000050d0000, 0x0000000011d70000]
 total_blobs=9467 nmethods=8915 adapters=470
 compilation: enabled

Compilation events (10 events):
Event: 405.475 Thread 0x00000000178e6800 nmethod 11068 0x000000000508eed0 code [0x000000000508f020, 0x000000000508f130]
Event: 405.479 Thread 0x00000000178e6800 11069       3       com.microsoft.sqlserver.jdbc.TypeInfo$Builder$8::apply (116 bytes)
Event: 405.480 Thread 0x00000000178e6800 nmethod 11069 0x0000000005097390 code [0x00000000050975c0, 0x00000000050982e8]
Event: 405.480 Thread 0x00000000178e6800 11070       3       com.microsoft.sqlserver.jdbc.SQLCollation::getCharset (8 bytes)
Event: 405.480 Thread 0x00000000178e6800 nmethod 11070 0x00000000050988d0 code [0x0000000005098a20, 0x0000000005098c10]
Event: 405.480 Thread 0x00000000178e6800 11071       3       sun.invoke.util.Wrapper::forPrimitiveType (49 bytes)
Event: 405.482 Thread 0x00000000178e6800 nmethod 11071 0x0000000005098cd0 code [0x0000000005098f80, 0x000000000509a178]
Event: 405.485 Thread 0x00000000178e6800 11072       1       java.lang.invoke.MethodHandles$Lookup::lookupClass (5 bytes)
Event: 405.485 Thread 0x00000000178e6800 nmethod 11072 0x000000000508ec10 code [0x000000000508ed60, 0x000000000508ee70]
Event: 405.656 Thread 0x00000000178de800 nmethod 10957 0x00000000050acd50 code [0x00000000050adae0, 0x00000000050bcd88]

GC Heap History (10 events):
Event: 268.558 GC heap before
{Heap before GC invocations=21 (full 4):
 PSYoungGen      total 470528K, used 462535K [0x00000000d5e00000, 0x00000000f4e80000, 0x0000000100000000)
  eden space 453120K, 100% used [0x00000000d5e00000,0x00000000f1880000,0x00000000f1880000)
  from space 17408K, 54% used [0x00000000f3d80000,0x00000000f46b1e90,0x00000000f4e80000)
  to   space 27648K, 0% used [0x00000000f1880000,0x00000000f1880000,0x00000000f3380000)
 ParOldGen       total 140800K, used 37826K [0x0000000081a00000, 0x000000008a380000, 0x00000000d5e00000)
  object space 140800K, 26% used [0x0000000081a00000,0x0000000083ef0808,0x000000008a380000)
 Metaspace       used 63298K, capacity 64396K, committed 64600K, reserved 1105920K
  class space    used 7498K, capacity 7759K, committed 7808K, reserved 1048576K
Event: 268.598 GC heap after
Heap after GC invocations=21 (full 4):
 PSYoungGen      total 480768K, used 23357K [0x00000000d5e00000, 0x00000000fd480000, 0x0000000100000000)
  eden space 453120K, 0% used [0x00000000d5e00000,0x00000000d5e00000,0x00000000f1880000)
  from space 27648K, 84% used [0x00000000f1880000,0x00000000f2f4f548,0x00000000f3380000)
  to   space 30720K, 0% used [0x00000000fb680000,0x00000000fb680000,0x00000000fd480000)
 ParOldGen       total 140800K, used 40050K [0x0000000081a00000, 0x000000008a380000, 0x00000000d5e00000)
  object space 140800K, 28% used [0x0000000081a00000,0x000000008411c9b8,0x000000008a380000)
 Metaspace       used 63298K, capacity 64396K, committed 64600K, reserved 1105920K
  class space    used 7498K, capacity 7759K, committed 7808K, reserved 1048576K
}
Event: 351.277 GC heap before
{Heap before GC invocations=22 (full 4):
 PSYoungGen      total 480768K, used 90906K [0x00000000d5e00000, 0x00000000fd480000, 0x0000000100000000)
  eden space 453120K, 14% used [0x00000000d5e00000,0x00000000d9ff73f0,0x00000000f1880000)
  from space 27648K, 84% used [0x00000000f1880000,0x00000000f2f4f548,0x00000000f3380000)
  to   space 30720K, 0% used [0x00000000fb680000,0x00000000fb680000,0x00000000fd480000)
 ParOldGen       total 140800K, used 40050K [0x0000000081a00000, 0x000000008a380000, 0x00000000d5e00000)
  object space 140800K, 28% used [0x0000000081a00000,0x000000008411c9b8,0x000000008a380000)
 Metaspace       used 63328K, capacity 64402K, committed 64600K, reserved 1105920K
  class space    used 7499K, capacity 7761K, committed 7808K, reserved 1048576K
Event: 351.300 GC heap after
Heap after GC invocations=22 (full 4):
 PSYoungGen      total 614400K, used 128K [0x00000000d5e00000, 0x00000000fd580000, 0x0000000100000000)
  eden space 583680K, 0% used [0x00000000d5e00000,0x00000000d5e00000,0x00000000f9800000)
  from space 30720K, 0% used [0x00000000fb680000,0x00000000fb6a0000,0x00000000fd480000)
  to   space 31232K, 0% used [0x00000000f9800000,0x00000000f9800000,0x00000000fb680000)
 ParOldGen       total 140800K, used 56693K [0x0000000081a00000, 0x000000008a380000, 0x00000000d5e00000)
  object space 140800K, 40% used [0x0000000081a00000,0x000000008515d6d0,0x000000008a380000)
 Metaspace       used 63328K, capacity 64402K, committed 64600K, reserved 1105920K
  class space    used 7499K, capacity 7761K, committed 7808K, reserved 1048576K
}
Event: 351.300 GC heap before
{Heap before GC invocations=23 (full 5):
 PSYoungGen      total 614400K, used 128K [0x00000000d5e00000, 0x00000000fd580000, 0x0000000100000000)
  eden space 583680K, 0% used [0x00000000d5e00000,0x00000000d5e00000,0x00000000f9800000)
  from space 30720K, 0% used [0x00000000fb680000,0x00000000fb6a0000,0x00000000fd480000)
  to   space 31232K, 0% used [0x00000000f9800000,0x00000000f9800000,0x00000000fb680000)
 ParOldGen       total 140800K, used 56693K [0x0000000081a00000, 0x000000008a380000, 0x00000000d5e00000)
  object space 140800K, 40% used [0x0000000081a00000,0x000000008515d6d0,0x000000008a380000)
 Metaspace       used 63328K, capacity 64402K, committed 64600K, reserved 1105920K
  class space    used 7499K, capacity 7761K, committed 7808K, reserved 1048576K
Event: 351.711 GC heap after
Heap after GC invocations=23 (full 5):
 PSYoungGen      total 614400K, used 0K [0x00000000d5e00000, 0x00000000fd580000, 0x0000000100000000)
  eden space 583680K, 0% used [0x00000000d5e00000,0x00000000d5e00000,0x00000000f9800000)
  from space 30720K, 0% used [0x00000000fb680000,0x00000000fb680000,0x00000000fd480000)
  to   space 31232K, 0% used [0x00000000f9800000,0x00000000f9800000,0x00000000fb680000)
 ParOldGen       total 140800K, used 40381K [0x0000000081a00000, 0x000000008a380000, 0x00000000d5e00000)
  object space 140800K, 28% used [0x0000000081a00000,0x000000008416f6e8,0x000000008a380000)
 Metaspace       used 63291K, capacity 64342K, committed 64600K, reserved 1105920K
  class space    used 7494K, capacity 7750K, committed 7808K, reserved 1048576K
}
Event: 366.449 GC heap before
{Heap before GC invocations=24 (full 5):
 PSYoungGen      total 614400K, used 583680K [0x00000000d5e00000, 0x00000000fd580000, 0x0000000100000000)
  eden space 583680K, 100% used [0x00000000d5e00000,0x00000000f9800000,0x00000000f9800000)
  from space 30720K, 0% used [0x00000000fb680000,0x00000000fb680000,0x00000000fd480000)
  to   space 31232K, 0% used [0x00000000f9800000,0x00000000f9800000,0x00000000fb680000)
 ParOldGen       total 140800K, used 40381K [0x0000000081a00000, 0x000000008a380000, 0x00000000d5e00000)
  object space 140800K, 28% used [0x0000000081a00000,0x000000008416f6e8,0x000000008a380000)
 Metaspace       used 65150K, capacity 66252K, committed 66520K, reserved 1107968K
  class space    used 7645K, capacity 7898K, committed 7936K, reserved 1048576K
Event: 366.489 GC heap after
Heap after GC invocations=24 (full 5):
 PSYoungGen      total 614912K, used 13880K [0x00000000d5e00000, 0x00000000ffe80000, 0x0000000100000000)
  eden space 583680K, 0% used [0x00000000d5e00000,0x00000000d5e00000,0x00000000f9800000)
  from space 31232K, 44% used [0x00000000f9800000,0x00000000fa58e150,0x00000000fb680000)
  to   space 30208K, 0% used [0x00000000fe100000,0x00000000fe100000,0x00000000ffe80000)
 ParOldGen       total 140800K, used 40389K [0x0000000081a00000, 0x000000008a380000, 0x00000000d5e00000)
  object space 140800K, 28% used [0x0000000081a00000,0x00000000841716e8,0x000000008a380000)
 Metaspace       used 65150K, capacity 66252K, committed 66520K, reserved 1107968K
  class space    used 7645K, capacity 7898K, committed 7936K, reserved 1048576K
}
Event: 402.486 GC heap before
{Heap before GC invocations=25 (full 5):
 PSYoungGen      total 614912K, used 597560K [0x00000000d5e00000, 0x00000000ffe80000, 0x0000000100000000)
  eden space 583680K, 100% used [0x00000000d5e00000,0x00000000f9800000,0x00000000f9800000)
  from space 31232K, 44% used [0x00000000f9800000,0x00000000fa58e150,0x00000000fb680000)
  to   space 30208K, 0% used [0x00000000fe100000,0x00000000fe100000,0x00000000ffe80000)
 ParOldGen       total 140800K, used 40389K [0x0000000081a00000, 0x000000008a380000, 0x00000000d5e00000)
  object space 140800K, 28% used [0x0000000081a00000,0x00000000841716e8,0x000000008a380000)
 Metaspace       used 66625K, capacity 67812K, committed 67928K, reserved 1110016K
  class space    used 7762K, capacity 8045K, committed 8064K, reserved 1048576K
Event: 402.504 GC heap after
Heap after GC invocations=25 (full 5):
 PSYoungGen      total 658432K, used 15799K [0x00000000d5e00000, 0x00000000ffe00000, 0x0000000100000000)
  eden space 628736K, 0% used [0x00000000d5e00000,0x00000000d5e00000,0x00000000fc400000)
  from space 29696K, 53% used [0x00000000fe100000,0x00000000ff06dca8,0x00000000ffe00000)
  to   space 29696K, 0% used [0x00000000fc400000,0x00000000fc400000,0x00000000fe100000)
 ParOldGen       total 140800K, used 40397K [0x0000000081a00000, 0x000000008a380000, 0x00000000d5e00000)
  object space 140800K, 28% used [0x0000000081a00000,0x00000000841736e8,0x000000008a380000)
 Metaspace       used 66625K, capacity 67812K, committed 67928K, reserved 1110016K
  class space    used 7762K, capacity 8045K, committed 8064K, reserved 1048576K
}

Deoptimization events (10 events):
Event: 405.456 Thread 0x000000001b388800 Uncommon trap: reason=unhandled action=none pc=0x00000000047b9194 method=java.lang.Class.getDeclaredMethod(Ljava/lang/String;[Ljava/lang/Class;)Ljava/lang/reflect/Method; @ 64
Event: 405.456 Thread 0x000000001b388800 Uncommon trap: reason=unhandled action=none pc=0x00000000047b9194 method=java.lang.Class.getDeclaredMethod(Ljava/lang/String;[Ljava/lang/Class;)Ljava/lang/reflect/Method; @ 64
Event: 405.456 Thread 0x000000001b388800 Uncommon trap: reason=unhandled action=none pc=0x00000000047b9194 method=java.lang.Class.getDeclaredMethod(Ljava/lang/String;[Ljava/lang/Class;)Ljava/lang/reflect/Method; @ 64
Event: 405.464 Thread 0x000000001b388800 Uncommon trap: reason=unhandled action=none pc=0x0000000005094518 method=java.lang.Class.getDeclaredMethod(Ljava/lang/String;[Ljava/lang/Class;)Ljava/lang/reflect/Method; @ 64
Event: 405.464 Thread 0x000000001b388800 Uncommon trap: reason=unhandled action=none pc=0x0000000005094518 method=java.lang.Class.getDeclaredMethod(Ljava/lang/String;[Ljava/lang/Class;)Ljava/lang/reflect/Method; @ 64
Event: 405.464 Thread 0x000000001b388800 Uncommon trap: reason=unhandled action=none pc=0x0000000005094518 method=java.lang.Class.getDeclaredMethod(Ljava/lang/String;[Ljava/lang/Class;)Ljava/lang/reflect/Method; @ 64
Event: 405.479 Thread 0x000000001b38b000 Uncommon trap: reason=unhandled action=none pc=0x0000000004bf9328 method=java.net.URLClassLoader.findClass(Ljava/lang/String;)Ljava/lang/Class; @ 44
Event: 405.480 Thread 0x000000001b38b000 Uncommon trap: reason=unhandled action=none pc=0x0000000004bf9328 method=java.net.URLClassLoader.findClass(Ljava/lang/String;)Ljava/lang/Class; @ 44
Event: 405.480 Thread 0x000000001b38b000 Uncommon trap: reason=unhandled action=none pc=0x0000000004bf9328 method=java.net.URLClassLoader.findClass(Ljava/lang/String;)Ljava/lang/Class; @ 44
Event: 405.485 Thread 0x000000001b38b000 Uncommon trap: reason=unhandled action=none pc=0x0000000004bf9328 method=java.net.URLClassLoader.findClass(Ljava/lang/String;)Ljava/lang/Class; @ 44

Internal exceptions (10 events):
Event: 405.074 Thread 0x000000001b388800 Exception <a 'java/lang/ArrayIndexOutOfBoundsException': 38> (0x00000000eddb6530) thrown at [C:\re\workspace\8-2-build-windows-amd64-cygwin\jdk8u60\4407\hotspot\src\share\vm\interpreter\interpreterRuntime.cpp, line 366]
Event: 405.075 Thread 0x000000001b388800 Exception <a 'java/lang/ArrayIndexOutOfBoundsException': 57> (0x00000000eddbca10) thrown at [C:\re\workspace\8-2-build-windows-amd64-cygwin\jdk8u60\4407\hotspot\src\share\vm\interpreter\interpreterRuntime.cpp, line 366]
Event: 405.075 Thread 0x000000001b388800 Exception <a 'java/lang/ArrayIndexOutOfBoundsException': 95> (0x00000000eddc8a20) thrown at [C:\re\workspace\8-2-build-windows-amd64-cygwin\jdk8u60\4407\hotspot\src\share\vm\interpreter\interpreterRuntime.cpp, line 366]
Event: 405.077 Thread 0x000000001b388800 Exception <a 'java/lang/ArrayIndexOutOfBoundsException': 137> (0x00000000eddef438) thrown at [C:\re\workspace\8-2-build-windows-amd64-cygwin\jdk8u60\4407\hotspot\src\share\vm\interpreter\interpreterRuntime.cpp, line 366]
Event: 405.141 Thread 0x000000001b388800 Exception <a 'java/lang/ArrayIndexOutOfBoundsException': 143> (0x00000000ee4b2c40) thrown at [C:\re\workspace\8-2-build-windows-amd64-cygwin\jdk8u60\4407\hotspot\src\share\vm\interpreter\interpreterRuntime.cpp, line 366]
Event: 405.163 Thread 0x000000001b388800 Exception <a 'java/lang/ArrayIndexOutOfBoundsException': 53> (0x00000000ee5f5ae8) thrown at [C:\re\workspace\8-2-build-windows-amd64-cygwin\jdk8u60\4407\hotspot\src\share\vm\interpreter\interpreterRuntime.cpp, line 366]
Event: 405.184 Thread 0x000000001b388800 Exception <a 'java/lang/ArrayIndexOutOfBoundsException': 251> (0x00000000ee7a75f8) thrown at [C:\re\workspace\8-2-build-windows-amd64-cygwin\jdk8u60\4407\hotspot\src\share\vm\interpreter\interpreterRuntime.cpp, line 366]
Event: 405.411 Thread 0x000000001b388800 Exception <a 'java/lang/ArrayIndexOutOfBoundsException': 141> (0x00000000ef20c200) thrown at [C:\re\workspace\8-2-build-windows-amd64-cygwin\jdk8u60\4407\hotspot\src\share\vm\interpreter\interpreterRuntime.cpp, line 366]
Event: 405.411 Thread 0x000000001b388800 Exception <a 'java/lang/ArrayIndexOutOfBoundsException': 240> (0x00000000ef20eda0) thrown at [C:\re\workspace\8-2-build-windows-amd64-cygwin\jdk8u60\4407\hotspot\src\share\vm\interpreter\interpreterRuntime.cpp, line 366]
Event: 405.411 Thread 0x000000001b388800 Exception <a 'java/lang/ArrayIndexOutOfBoundsException': 121> (0x00000000ef210db0) thrown at [C:\re\workspace\8-2-build-windows-amd64-cygwin\jdk8u60\4407\hotspot\src\share\vm\interpreter\interpreterRuntime.cpp, line 366]

Events (10 events):
Event: 405.485 loading class org/springframework/jdbc/core/RowMapper
Event: 405.485 loading class org/springframework/jdbc/core/RowMapper done
Event: 412.627 Executing VM operation: RevokeBias
Event: 412.627 Executing VM operation: RevokeBias done
Event: 412.627 Thread 0x000000001b38c800 Thread exited: 0x000000001b38c800
Event: 412.627 Thread 0x000000001b38f800 Thread exited: 0x000000001b38f800
Event: 425.335 Executing VM operation: RedefineClasses
Event: 425.464 Executing VM operation: RedefineClasses done
Event: 425.478 Executing VM operation: ChangeBreakpoints
Event: 425.480 Executing VM operation: ChangeBreakpoints done


Dynamic libraries:
0x00007ff62f980000 - 0x00007ff62f9b7000 	C:\Java\jdk1.8.0_60\bin\javaw.exe
0x00007ffef15e0000 - 0x00007ffef17a1000 	C:\WINDOWS\SYSTEM32\ntdll.dll
0x00007ffeeff70000 - 0x00007ffef001d000 	C:\WINDOWS\system32\KERNEL32.DLL
0x00007ffeee540000 - 0x00007ffeee728000 	C:\WINDOWS\system32\KERNELBASE.dll
0x00007ffeef740000 - 0x00007ffeef7e7000 	C:\WINDOWS\system32\ADVAPI32.dll
0x00007ffeef120000 - 0x00007ffeef1bd000 	C:\WINDOWS\system32\msvcrt.dll
0x00007ffeeff10000 - 0x00007ffeeff6b000 	C:\WINDOWS\system32\sechost.dll
0x00007ffeee9d0000 - 0x00007ffeeeaec000 	C:\WINDOWS\system32\RPCRT4.dll
0x00007ffeef980000 - 0x00007ffeefad6000 	C:\WINDOWS\system32\USER32.dll
0x00007ffeef7f0000 - 0x00007ffeef976000 	C:\WINDOWS\system32\GDI32.dll
0x00007ffee0040000 - 0x00007ffee02b4000 	C:\WINDOWS\WinSxS\amd64_microsoft.windows.common-controls_6595b64144ccf1df_6.0.10586.494_none_a2d8b04ea53e3145\COMCTL32.dll
0x00007ffeef2d0000 - 0x00007ffeef54d000 	C:\WINDOWS\system32\combase.dll
0x00007ffeee750000 - 0x00007ffeee7ba000 	C:\WINDOWS\system32\bcryptPrimitives.dll
0x00007ffef15a0000 - 0x00007ffef15db000 	C:\WINDOWS\system32\IMM32.DLL
0x00000000739f0000 - 0x0000000073ac2000 	C:\Java\jdk1.8.0_60\jre\bin\msvcr100.dll
0x0000000073ad0000 - 0x0000000074359000 	C:\Java\jdk1.8.0_60\jre\bin\server\jvm.dll
0x00007ffeef730000 - 0x00007ffeef738000 	C:\WINDOWS\system32\PSAPI.DLL
0x00007ffedfca0000 - 0x00007ffedfca9000 	C:\WINDOWS\SYSTEM32\WSOCK32.dll
0x00007ffeeb920000 - 0x00007ffeeb943000 	C:\WINDOWS\SYSTEM32\WINMM.dll
0x00007ffeec270000 - 0x00007ffeec27a000 	C:\WINDOWS\SYSTEM32\VERSION.dll
0x00007ffeeef80000 - 0x00007ffeeefeb000 	C:\WINDOWS\system32\WS2_32.dll
0x00007ffeeb530000 - 0x00007ffeeb55c000 	C:\WINDOWS\SYSTEM32\WINMMBASE.dll
0x00007ffeedc70000 - 0x00007ffeedcb3000 	C:\WINDOWS\system32\cfgmgr32.dll
0x0000000074a50000 - 0x0000000074a5f000 	C:\Java\jdk1.8.0_60\jre\bin\verify.dll
0x0000000074a20000 - 0x0000000074a49000 	C:\Java\jdk1.8.0_60\jre\bin\java.dll
0x00000000739b0000 - 0x00000000739e5000 	C:\Java\jdk1.8.0_60\jre\bin\jdwp.dll
0x00000000748e0000 - 0x00000000748e8000 	C:\Java\jdk1.8.0_60\jre\bin\npt.dll
0x00000000749d0000 - 0x00000000749e6000 	C:\Java\jdk1.8.0_60\jre\bin\zip.dll
0x00007ffef0020000 - 0x00007ffef157c000 	C:\WINDOWS\system32\SHELL32.dll
0x00007ffeedcc0000 - 0x00007ffeee305000 	C:\WINDOWS\system32\windows.storage.dll
0x00007ffeeef20000 - 0x00007ffeeef72000 	C:\WINDOWS\system32\shlwapi.dll
0x00007ffeedc60000 - 0x00007ffeedc6f000 	C:\WINDOWS\system32\kernel.appcore.dll
0x00007ffeee900000 - 0x00007ffeee9b5000 	C:\WINDOWS\system32\shcore.dll
0x00007ffeedc00000 - 0x00007ffeedc4b000 	C:\WINDOWS\system32\powrprof.dll
0x00007ffeedbe0000 - 0x00007ffeedbf4000 	C:\WINDOWS\system32\profapi.dll
0x00000000739a0000 - 0x00000000739a9000 	C:\Java\jdk1.8.0_60\jre\bin\dt_socket.dll
0x00007ffeeb250000 - 0x00007ffeeb268000 	C:\WINDOWS\system32\NLAapi.dll
0x00007ffed6090000 - 0x00007ffed60a6000 	C:\WINDOWS\system32\napinsp.dll
0x00007ffed6070000 - 0x00007ffed608a000 	C:\WINDOWS\system32\pnrpnsp.dll
0x00007ffeed1a0000 - 0x00007ffeed1fc000 	C:\WINDOWS\System32\mswsock.dll
0x00007ffeebcc0000 - 0x00007ffeebd6a000 	C:\WINDOWS\SYSTEM32\DNSAPI.dll
0x00007ffeef550000 - 0x00007ffeef558000 	C:\WINDOWS\system32\NSI.dll
0x00007ffedb260000 - 0x00007ffedb26d000 	C:\WINDOWS\System32\winrnr.dll
0x0000000074da0000 - 0x0000000074dc6000 	C:\Program Files\Bonjour\mdnsNSP.dll
0x00007ffeea2c0000 - 0x00007ffeea2f8000 	C:\WINDOWS\SYSTEM32\Iphlpapi.DLL
0x00007ffed6050000 - 0x00007ffed6065000 	C:\WINDOWS\System32\wshbth.dll
0x00007ffee71e0000 - 0x00007ffee7247000 	C:\WINDOWS\System32\fwpuclnt.dll
0x00007ffeedb10000 - 0x00007ffeedb39000 	C:\WINDOWS\SYSTEM32\bcrypt.dll
0x00007ffee3630000 - 0x00007ffee363a000 	C:\Windows\System32\rasadhlp.dll
0x00000000748f0000 - 0x00000000748fd000 	C:\Java\jdk1.8.0_60\jre\bin\management.dll
0x00000000749b0000 - 0x00000000749ca000 	C:\Java\jdk1.8.0_60\jre\bin\net.dll
0x0000000074990000 - 0x00000000749a1000 	C:\Java\jdk1.8.0_60\jre\bin\nio.dll
0x00007ffeed250000 - 0x00007ffeed267000 	C:\WINDOWS\SYSTEM32\CRYPTSP.dll
0x00007ffeecee0000 - 0x00007ffeecf14000 	C:\WINDOWS\system32\rsaenh.dll
0x00007ffeed030000 - 0x00007ffeed04f000 	C:\WINDOWS\SYSTEM32\USERENV.dll
0x00007ffeedb00000 - 0x00007ffeedb0b000 	C:\WINDOWS\SYSTEM32\CRYPTBASE.dll
0x00007ffee9230000 - 0x00007ffee9246000 	C:\WINDOWS\SYSTEM32\dhcpcsvc6.DLL
0x00007ffee9210000 - 0x00007ffee922a000 	C:\WINDOWS\SYSTEM32\dhcpcsvc.DLL
0x0000000074960000 - 0x0000000074984000 	C:\Java\jdk1.8.0_60\jre\bin\sunec.dll
0x00007ffec6e70000 - 0x00007ffec6ffc000 	C:\WINDOWS\SYSTEM32\dbghelp.dll

VM Arguments:
jvm_args: -agentlib:jdwp=transport=dt_socket,suspend=y,address=localhost:53711 -Dcom.sun.management.jmxremote -Dcom.sun.management.jmxremote.port=53710 -Dcom.sun.management.jmxremote.authenticate=false -Dcom.sun.management.jmxremote.ssl=false -Dspring.liveBeansView.mbeanDomain -Dspring.application.admin.enabled=true -Dfile.encoding=UTF-8 
java_command: com.tacticlogistics.SateliteApplication --spring.output.ansi.enabled=always
java_class_path (initial): C:\Workspace\Java\java-sts\satelite\target\classes;C:\Users\steven\.m2\repository\com\microsoft\sqlserver\sqljdbc42\6.0\sqljdbc42-6.0.jar;C:\Users\steven\.m2\repository\org\springframework\boot\spring-boot-starter-batch\1.4.0.RELEASE\spring-boot-starter-batch-1.4.0.RELEASE.jar;C:\Users\steven\.m2\repository\org\springframework\boot\spring-boot-starter\1.4.0.RELEASE\spring-boot-starter-1.4.0.RELEASE.jar;C:\Users\steven\.m2\repository\org\springframework\boot\spring-boot-starter-logging\1.4.0.RELEASE\spring-boot-starter-logging-1.4.0.RELEASE.jar;C:\Users\steven\.m2\repository\ch\qos\logback\logback-classic\1.1.7\logback-classic-1.1.7.jar;C:\Users\steven\.m2\repository\ch\qos\logback\logback-core\1.1.7\logback-core-1.1.7.jar;C:\Users\steven\.m2\repository\org\slf4j\jul-to-slf4j\1.7.21\jul-to-slf4j-1.7.21.jar;C:\Users\steven\.m2\repository\org\slf4j\log4j-over-slf4j\1.7.21\log4j-over-slf4j-1.7.21.jar;C:\Users\steven\.m2\repository\org\yaml\snakeyaml\1.17\snakeyaml-1.17.jar;C:\Users\steven\.m2\repository\org\springframework\batch\spring-batch-core\3.0.7.RELEASE\spring-batch-core-3.0.7.RELEASE.jar;C:\Users\steven\.m2\repository\com\ibm\jbatch\com.ibm.jbatch-tck-spi\1.0\com.ibm.jbatch-tck-spi-1.0.jar;C:\Users\steven\.m2\repository\javax\batch\javax.batch-api\1.0\javax.batch-api-1.0.jar;C:\Users\steven\.m2\repository\com\thoughtworks\xstream\xstream\1.4.7\xstream-1.4.7.jar;C:\Users\steven\.m2\repository\xmlpull\xmlpull\1.1.3.1\xmlpull-1.1.3.1.jar;C:\Users\steven\.m2\repository\xpp3\xpp3_min\1.1.4c\xpp3_min-1.1.4c.jar;C:\Users\steven\.m2\repository\org\codehaus\jettison\jettison\1.2\jettison-1.2.jar;C:\Users\steven\.m2\repository\org\springframework\batch\spring-batch-infrastructure\3.0.7.RELEASE\spring-batch-infrastructure-3.0.7.RELEASE.jar;C:\Users\steven\.m2\repository\org\springframework\retry\spring-retry\1.1.3.RELEASE\spring-retry-1.1.3.RELEASE.jar;C:\Users\steven\.m2\repository\org\springframework\spring-aop\4.3.2.RELEASE\spring-aop-4.3.2.
Launcher Type: SUN_STANDARD

Environment Variables:
JAVA_HOME=C:\Java\jdk1.8.0_60
USERNAME=steven
OS=Windows_NT
PROCESSOR_IDENTIFIER=Intel64 Family 6 Model 61 Stepping 4, GenuineIntel



---------------  S Y S T E M  ---------------

OS: Windows 10.0 , 64 bit Build 10586 (10.0.10586.0)

CPU:total 4 (2 cores per cpu, 2 threads per core) family 6 model 61 stepping 4, cmov, cx8, fxsr, mmx, sse, sse2, sse3, ssse3, sse4.1, sse4.2, popcnt, avx, avx2, aes, clmul, erms, rtm, 3dnowpref, lzcnt, ht, tsc, tscinvbit, bmi1, bmi2, adx

Memory: 4k page, physical 8281452k(3178204k free), swap 16670060k(10783368k free)

vm_info: Java HotSpot(TM) 64-Bit Server VM (25.60-b23) for windows-amd64 JRE (1.8.0_60-b27), built on Aug  4 2015 11:06:27 by "java_re" with MS VC++ 10.0 (VS2010)

time: Fri Oct 07 09:56:48 2016
elapsed time: 425 seconds (0d 0h 7m 5s)

